-------------------------------------------------------------------------------
Test set: controllers.ApiControllerDocTesterTest
-------------------------------------------------------------------------------
Tests run: 2, Failures: 1, Errors: 0, Skipped: 0, Time elapsed: 6.67 sec <<< FAILURE!
testAcesUp(controllers.ApiControllerDocTesterTest)  Time elapsed: 0.229 sec  <<< FAILURE!
java.lang.AssertionError: 
Expected: a string containing "Aces Up"
     but: was "<link href="/assets/css/AcesUp.css" rel="stylesheet">
<link href="/assets/css/custom.css" rel="stylesheet">
<script type="text/javascript" src="/assets/webjars/jquery/2.1.3/jquery.js"></script>


<body>

<div id="container">
    <h1>Blackjack!</h1>

    <div id="largeTable">
        <table class="mainTable">
            <tr class="title">
                <td>User Hand</td>
                <td>Split</td>
                <td></td>
                <td>Dealer Hand</td>
            </tr>

            <tr>
                <td class="columnOfCards" id="userHand">
                    <table>
                        <tr><td class="cardLocation l0"></td></tr>
                        <tr><td class="cardLocation l1"></td></tr>
                        <tr><td class="cardLocation l2"></td></tr>
                        <tr><td class="cardLocation l3"></td></tr>
                        <tr><td class="cardLocation l4"></td></tr>
                        <tr><td class="cardLocation l5"></td></tr>
                        <tr><td class="cardLocation l6"></td></tr>
                        <tr><td class="cardLocation l7"></td></tr>
                        <tr><td class="cardLocation l8"></td></tr>
                        <tr><td class="cardLocation l9"></td></tr>
                        <tr><td class="cardLocation l10"></td></tr>
                    </table>
                </td>
                <td class="columnOfCards" id="userSplit">
                    <table>
                        <tr><td class="cardLocation l0"></td></tr>
                        <tr><td class="cardLocation l1"></td></tr>
                        <tr><td class="cardLocation l2"></td></tr>
                        <tr><td class="cardLocation l3"></td></tr>
                        <tr><td class="cardLocation l4"></td></tr>
                        <tr><td class="cardLocation l5"></td></tr>
                        <tr><td class="cardLocation l6"></td></tr>
                        <tr><td class="cardLocation l7"></td></tr>
                        <tr><td class="cardLocation l8"></td></tr>
                        <tr><td class="cardLocation l9"></td></tr>
                        <tr><td class="cardLocation l10"></td></tr>
                    </table>
                </td>
                <td class="columnOfCards"></td>
                <td class="columnOfCards" id="dealerHand">
                    <table>
                        <tr><td class="cardLocation l0"></td></tr>
                        <tr><td class="cardLocation l1"></td></tr>
                        <tr><td class="cardLocation l2"></td></tr>
                        <tr><td class="cardLocation l3"></td></tr>
                        <tr><td class="cardLocation l4"></td></tr>
                        <tr><td class="cardLocation l5"></td></tr>
                        <tr><td class="cardLocation l6"></td></tr>
                        <tr><td class="cardLocation l7"></td></tr>
                        <tr><td class="cardLocation l8"></td></tr>
                        <tr><td class="cardLocation l9"></td></tr>
                        <tr><td class="cardLocation l10"></td></tr>
                    </table>
                </td>
            </tr>
            <tr class="menuDes">
                <td>Cash:<textarea id="userWallet" disabled="true" width></textarea></td>
                <td><button id="hit" onclick="HitFunction" class="menuButton">HIT</button></td>
                <td><button id="ddown" onclick="DoubleDownFunction" class="menuButton">DOUBLE DOWN</button></td>
                <td><button id="split" onclick="SplitFunction" class="menuButton">SPLIT</button></td>
                <td><button id="stay" onclick="StayFunction" class="menuButton">STAY</button></td>
                <td><button id="betting" onclick = "userBet">BET</button><BR><input type="text" id="bet"></td>
            </tr>
            <tr><td>Blackjack Simulator 1.0</td></tr>
        </table>
    </div>
    <script>
/* When the user clicks on the button,
toggle between hiding and showing the dropdown content */
function myFunction() {
    document.getElementById("myDropdown").classList.toggle("show");
}



// Close the dropdown menu if the user clicks outside of it
window.onclick = function(event) {
  if (!event.target.matches('.dropbtn')) {

    var dropdowns = document.getElementsByClassName("dropdown-content");
    var i;
    for (i = 0; i < dropdowns.length; i++) {
      var openDropdown = dropdowns[i];
      if (openDropdown.classList.contains('show')) {
        openDropdown.classList.remove('show');
      }
    }
  }
}



var game;

function display(game) {
console.log(game);

$( '.columnOfCards .cardLocation' ).html("");

    $.each(game.cols[0], function( key, val ) {
        $( '#c0 .l'+key ).html(val.value + val.suit);
    });

 $.each(game.cols[1], function( key, val ) {
        $( '#c1 .l'+key ).html(val.value + val.suit);
    });

 $.each(game.cols[2], function( key, val ) {
        $( '#c2 .l'+key ).html(val.value + val.suit);
    });

 $.each(game.cols[3], function( key, val ) {
        $( '#c3 .l'+key ).html(val.value + val.suit);
    });
 document.getElementById("cash").innerHTML = game.totalCash;
 document.getElementById("errorCode").innerHTML = game.errorCode;
 document.getElementById("errorCode").style.color = "red";

}

$.getJSON("http://localhost:8080/game", function( data ) {
display(data);
game = data;
});




function changeMode(modeNum){
$.ajax({
type: "POST",
url: "/chMode/"+modeNum,
data: JSON.stringify(game),
success: function(data, status){console.log("Data: " + data + "\nStatus: " + status);
game = data;
display(data);},
contentType:"application/json; charset=utf-8",
dataType:"json",
});

}

$("#dealButton").click(function(){
$.ajax({
  type: "POST",
  url: "/dealGame",
  data: JSON.stringify(game),
  success: function(data, status){console.log("Data: " + data + "\nStatus: " + status);
        game = data;
        display(data);},
  contentType:"application/json; charset=utf-8",
  dataType:"json",
});
});


$("#userBet").click(function(){
var bet = $("bet").val();
$.ajax({
type: "POST",
url: "/userBet/"+bet,
data: JSON.stringify(game),
success: function(data, status){console.log("Data: " + data + "\nStatus: " + status);
game = data;
display(data);},
contentType:"application/json; charset=utf-8",
dataType:"json",
});
}


</script>


</div>
</body>
</html>"
	at org.hamcrest.MatcherAssert.assertThat(MatcherAssert.java:20)
	at org.junit.Assert.assertThat(Assert.java:865)
	at org.junit.Assert.assertThat(Assert.java:832)
	at controllers.ApiControllerDocTesterTest.testAcesUp(ApiControllerDocTesterTest.java:51)
	at sun.reflect.NativeMethodAccessorImpl.invoke0(Native Method)
	at sun.reflect.NativeMethodAccessorImpl.invoke(NativeMethodAccessorImpl.java:62)
	at sun.reflect.DelegatingMethodAccessorImpl.invoke(DelegatingMethodAccessorImpl.java:43)
	at java.lang.reflect.Method.invoke(Method.java:497)
	at org.junit.runners.model.FrameworkMethod$1.runReflectiveCall(FrameworkMethod.java:47)
	at org.junit.internal.runners.model.ReflectiveCallable.run(ReflectiveCallable.java:12)
	at org.junit.runners.model.FrameworkMethod.invokeExplosively(FrameworkMethod.java:44)
	at org.junit.internal.runners.statements.InvokeMethod.evaluate(InvokeMethod.java:17)
	at org.junit.internal.runners.statements.RunBefores.evaluate(RunBefores.java:26)
	at org.junit.internal.runners.statements.RunAfters.evaluate(RunAfters.java:27)
	at org.junit.rules.TestWatcher$1.evaluate(TestWatcher.java:55)
	at org.junit.rules.RunRules.evaluate(RunRules.java:20)
	at org.junit.runners.ParentRunner.runLeaf(ParentRunner.java:271)
	at org.junit.runners.BlockJUnit4ClassRunner.runChild(BlockJUnit4ClassRunner.java:70)
	at org.junit.runners.BlockJUnit4ClassRunner.runChild(BlockJUnit4ClassRunner.java:50)
	at org.junit.runners.ParentRunner$3.run(ParentRunner.java:238)
	at org.junit.runners.ParentRunner$1.schedule(ParentRunner.java:63)
	at org.junit.runners.ParentRunner.runChildren(ParentRunner.java:236)
	at org.junit.runners.ParentRunner.access$000(ParentRunner.java:53)
	at org.junit.runners.ParentRunner$2.evaluate(ParentRunner.java:229)
	at org.junit.internal.runners.statements.RunAfters.evaluate(RunAfters.java:27)
	at org.junit.runners.ParentRunner.run(ParentRunner.java:309)
	at org.apache.maven.surefire.junit4.JUnit4TestSet.execute(JUnit4TestSet.java:53)
	at org.apache.maven.surefire.junit4.JUnit4Provider.executeTestSet(JUnit4Provider.java:123)
	at org.apache.maven.surefire.junit4.JUnit4Provider.invoke(JUnit4Provider.java:104)
	at sun.reflect.NativeMethodAccessorImpl.invoke0(Native Method)
	at sun.reflect.NativeMethodAccessorImpl.invoke(NativeMethodAccessorImpl.java:62)
	at sun.reflect.DelegatingMethodAccessorImpl.invoke(DelegatingMethodAccessorImpl.java:43)
	at java.lang.reflect.Method.invoke(Method.java:497)
	at org.apache.maven.surefire.util.ReflectionUtils.invokeMethodWithArray(ReflectionUtils.java:164)
	at org.apache.maven.surefire.booter.ProviderFactory$ProviderProxy.invoke(ProviderFactory.java:110)
	at org.apache.maven.surefire.booter.SurefireStarter.invokeProvider(SurefireStarter.java:175)
	at org.apache.maven.surefire.booter.SurefireStarter.runSuitesInProcessWhenForked(SurefireStarter.java:107)
	at org.apache.maven.surefire.booter.ForkedBooter.main(ForkedBooter.java:68)
