<?xml version="1.0" encoding="UTF-8" ?>
<testsuite tests="2" failures="1" name="controllers.ApiControllerDocTesterTest" time="6.67" errors="0" skipped="0">
  <properties>
[...]
</properties>
  <testcase classname="controllers.ApiControllerDocTesterTest" name="testGetIndex" time="5.368"/>
  <testcase classname="controllers.ApiControllerDocTesterTest" name="testAcesUp" time="0.229">
    <failure message="
Expected: a string containing &quot;Aces Up&quot;
     but: was &quot;&lt;link href=&quot;/assets/css/AcesUp.css&quot; rel=&quot;stylesheet&quot;&gt;
&lt;link href=&quot;/assets/css/custom.css&quot; rel=&quot;stylesheet&quot;&gt;
&lt;script type=&quot;text/javascript&quot; src=&quot;/assets/webjars/jquery/2.1.3/jquery.js&quot;&gt;&lt;/script&gt;


&lt;body&gt;

&lt;div id=&quot;container&quot;&gt;
    &lt;h1&gt;Blackjack!&lt;/h1&gt;

    &lt;div id=&quot;largeTable&quot;&gt;
        &lt;table class=&quot;mainTable&quot;&gt;
            &lt;tr class=&quot;title&quot;&gt;
                &lt;td&gt;User Hand&lt;/td&gt;
                &lt;td&gt;Split&lt;/td&gt;
                &lt;td&gt;&lt;/td&gt;
                &lt;td&gt;Dealer Hand&lt;/td&gt;
            &lt;/tr&gt;

            &lt;tr&gt;
                &lt;td class=&quot;columnOfCards&quot; id=&quot;userHand&quot;&gt;
                    &lt;table&gt;
                        &lt;tr&gt;&lt;td class=&quot;cardLocation l0&quot;&gt;&lt;/td&gt;&lt;/tr&gt;
                        &lt;tr&gt;&lt;td class=&quot;cardLocation l1&quot;&gt;&lt;/td&gt;&lt;/tr&gt;
                        &lt;tr&gt;&lt;td class=&quot;cardLocation l2&quot;&gt;&lt;/td&gt;&lt;/tr&gt;
                        &lt;tr&gt;&lt;td class=&quot;cardLocation l3&quot;&gt;&lt;/td&gt;&lt;/tr&gt;
                        &lt;tr&gt;&lt;td class=&quot;cardLocation l4&quot;&gt;&lt;/td&gt;&lt;/tr&gt;
                        &lt;tr&gt;&lt;td class=&quot;cardLocation l5&quot;&gt;&lt;/td&gt;&lt;/tr&gt;
                        &lt;tr&gt;&lt;td class=&quot;cardLocation l6&quot;&gt;&lt;/td&gt;&lt;/tr&gt;
                        &lt;tr&gt;&lt;td class=&quot;cardLocation l7&quot;&gt;&lt;/td&gt;&lt;/tr&gt;
                        &lt;tr&gt;&lt;td class=&quot;cardLocation l8&quot;&gt;&lt;/td&gt;&lt;/tr&gt;
                        &lt;tr&gt;&lt;td class=&quot;cardLocation l9&quot;&gt;&lt;/td&gt;&lt;/tr&gt;
                        &lt;tr&gt;&lt;td class=&quot;cardLocation l10&quot;&gt;&lt;/td&gt;&lt;/tr&gt;
                    &lt;/table&gt;
                &lt;/td&gt;
                &lt;td class=&quot;columnOfCards&quot; id=&quot;userSplit&quot;&gt;
                    &lt;table&gt;
                        &lt;tr&gt;&lt;td class=&quot;cardLocation l0&quot;&gt;&lt;/td&gt;&lt;/tr&gt;
                        &lt;tr&gt;&lt;td class=&quot;cardLocation l1&quot;&gt;&lt;/td&gt;&lt;/tr&gt;
                        &lt;tr&gt;&lt;td class=&quot;cardLocation l2&quot;&gt;&lt;/td&gt;&lt;/tr&gt;
                        &lt;tr&gt;&lt;td class=&quot;cardLocation l3&quot;&gt;&lt;/td&gt;&lt;/tr&gt;
                        &lt;tr&gt;&lt;td class=&quot;cardLocation l4&quot;&gt;&lt;/td&gt;&lt;/tr&gt;
                        &lt;tr&gt;&lt;td class=&quot;cardLocation l5&quot;&gt;&lt;/td&gt;&lt;/tr&gt;
                        &lt;tr&gt;&lt;td class=&quot;cardLocation l6&quot;&gt;&lt;/td&gt;&lt;/tr&gt;
                        &lt;tr&gt;&lt;td class=&quot;cardLocation l7&quot;&gt;&lt;/td&gt;&lt;/tr&gt;
                        &lt;tr&gt;&lt;td class=&quot;cardLocation l8&quot;&gt;&lt;/td&gt;&lt;/tr&gt;
                        &lt;tr&gt;&lt;td class=&quot;cardLocation l9&quot;&gt;&lt;/td&gt;&lt;/tr&gt;
                        &lt;tr&gt;&lt;td class=&quot;cardLocation l10&quot;&gt;&lt;/td&gt;&lt;/tr&gt;
                    &lt;/table&gt;
                &lt;/td&gt;
                &lt;td class=&quot;columnOfCards&quot;&gt;&lt;/td&gt;
                &lt;td class=&quot;columnOfCards&quot; id=&quot;dealerHand&quot;&gt;
                    &lt;table&gt;
                        &lt;tr&gt;&lt;td class=&quot;cardLocation l0&quot;&gt;&lt;/td&gt;&lt;/tr&gt;
                        &lt;tr&gt;&lt;td class=&quot;cardLocation l1&quot;&gt;&lt;/td&gt;&lt;/tr&gt;
                        &lt;tr&gt;&lt;td class=&quot;cardLocation l2&quot;&gt;&lt;/td&gt;&lt;/tr&gt;
                        &lt;tr&gt;&lt;td class=&quot;cardLocation l3&quot;&gt;&lt;/td&gt;&lt;/tr&gt;
                        &lt;tr&gt;&lt;td class=&quot;cardLocation l4&quot;&gt;&lt;/td&gt;&lt;/tr&gt;
                        &lt;tr&gt;&lt;td class=&quot;cardLocation l5&quot;&gt;&lt;/td&gt;&lt;/tr&gt;
                        &lt;tr&gt;&lt;td class=&quot;cardLocation l6&quot;&gt;&lt;/td&gt;&lt;/tr&gt;
                        &lt;tr&gt;&lt;td class=&quot;cardLocation l7&quot;&gt;&lt;/td&gt;&lt;/tr&gt;
                        &lt;tr&gt;&lt;td class=&quot;cardLocation l8&quot;&gt;&lt;/td&gt;&lt;/tr&gt;
                        &lt;tr&gt;&lt;td class=&quot;cardLocation l9&quot;&gt;&lt;/td&gt;&lt;/tr&gt;
                        &lt;tr&gt;&lt;td class=&quot;cardLocation l10&quot;&gt;&lt;/td&gt;&lt;/tr&gt;
                    &lt;/table&gt;
                &lt;/td&gt;
            &lt;/tr&gt;
            &lt;tr class=&quot;menuDes&quot;&gt;
                &lt;td&gt;Cash:&lt;textarea id=&quot;userWallet&quot; disabled=&quot;true&quot; width&gt;&lt;/textarea&gt;&lt;/td&gt;
                &lt;td&gt;&lt;button id=&quot;hit&quot; onclick=&quot;HitFunction&quot; class=&quot;menuButton&quot;&gt;HIT&lt;/button&gt;&lt;/td&gt;
                &lt;td&gt;&lt;button id=&quot;ddown&quot; onclick=&quot;DoubleDownFunction&quot; class=&quot;menuButton&quot;&gt;DOUBLE DOWN&lt;/button&gt;&lt;/td&gt;
                &lt;td&gt;&lt;button id=&quot;split&quot; onclick=&quot;SplitFunction&quot; class=&quot;menuButton&quot;&gt;SPLIT&lt;/button&gt;&lt;/td&gt;
                &lt;td&gt;&lt;button id=&quot;stay&quot; onclick=&quot;StayFunction&quot; class=&quot;menuButton&quot;&gt;STAY&lt;/button&gt;&lt;/td&gt;
                &lt;td&gt;&lt;button id=&quot;betting&quot; onclick = &quot;userBet&quot;&gt;BET&lt;/button&gt;&lt;BR&gt;&lt;input type=&quot;text&quot; id=&quot;bet&quot;&gt;&lt;/td&gt;
            &lt;/tr&gt;
            &lt;tr&gt;&lt;td&gt;Blackjack Simulator 1.0&lt;/td&gt;&lt;/tr&gt;
        &lt;/table&gt;
    &lt;/div&gt;
    &lt;script&gt;
/* When the user clicks on the button,
toggle between hiding and showing the dropdown content */
function myFunction() {
    document.getElementById(&quot;myDropdown&quot;).classList.toggle(&quot;show&quot;);
}



// Close the dropdown menu if the user clicks outside of it
window.onclick = function(event) {
  if (!event.target.matches(&apos;.dropbtn&apos;)) {

    var dropdowns = document.getElementsByClassName(&quot;dropdown-content&quot;);
    var i;
    for (i = 0; i &lt; dropdowns.length; i++) {
      var openDropdown = dropdowns[i];
      if (openDropdown.classList.contains(&apos;show&apos;)) {
        openDropdown.classList.remove(&apos;show&apos;);
      }
    }
  }
}



var game;

function display(game) {
console.log(game);

$( &apos;.columnOfCards .cardLocation&apos; ).html(&quot;&quot;);

    $.each(game.cols[0], function( key, val ) {
        $( &apos;#c0 .l&apos;+key ).html(val.value + val.suit);
    });

 $.each(game.cols[1], function( key, val ) {
        $( &apos;#c1 .l&apos;+key ).html(val.value + val.suit);
    });

 $.each(game.cols[2], function( key, val ) {
        $( &apos;#c2 .l&apos;+key ).html(val.value + val.suit);
    });

 $.each(game.cols[3], function( key, val ) {
        $( &apos;#c3 .l&apos;+key ).html(val.value + val.suit);
    });
 document.getElementById(&quot;cash&quot;).innerHTML = game.totalCash;
 document.getElementById(&quot;errorCode&quot;).innerHTML = game.errorCode;
 document.getElementById(&quot;errorCode&quot;).style.color = &quot;red&quot;;

}

$.getJSON(&quot;http://localhost:8080/game&quot;, function( data ) {
display(data);
game = data;
});




function changeMode(modeNum){
$.ajax({
type: &quot;POST&quot;,
url: &quot;/chMode/&quot;+modeNum,
data: JSON.stringify(game),
success: function(data, status){console.log(&quot;Data: &quot; + data + &quot;\nStatus: &quot; + status);
game = data;
display(data);},
contentType:&quot;application/json; charset=utf-8&quot;,
dataType:&quot;json&quot;,
});

}

$(&quot;#dealButton&quot;).click(function(){
$.ajax({
  type: &quot;POST&quot;,
  url: &quot;/dealGame&quot;,
  data: JSON.stringify(game),
  success: function(data, status){console.log(&quot;Data: &quot; + data + &quot;\nStatus: &quot; + status);
        game = data;
        display(data);},
  contentType:&quot;application/json; charset=utf-8&quot;,
  dataType:&quot;json&quot;,
});
});


$(&quot;#userBet&quot;).click(function(){
var bet = $(&quot;bet&quot;).val();
$.ajax({
type: &quot;POST&quot;,
url: &quot;/userBet/&quot;+bet,
data: JSON.stringify(game),
success: function(data, status){console.log(&quot;Data: &quot; + data + &quot;\nStatus: &quot; + status);
game = data;
display(data);},
contentType:&quot;application/json; charset=utf-8&quot;,
dataType:&quot;json&quot;,
});
}


&lt;/script&gt;


&lt;/div&gt;
&lt;/body&gt;
&lt;/html&gt;&quot;" type="java.lang.AssertionError">java.lang.AssertionError: 
Expected: a string containing &quot;Aces Up&quot;
     but: was &quot;&lt;link href=&quot;/assets/css/AcesUp.css&quot; rel=&quot;stylesheet&quot;&gt;
&lt;link href=&quot;/assets/css/custom.css&quot; rel=&quot;stylesheet&quot;&gt;
&lt;script type=&quot;text/javascript&quot; src=&quot;/assets/webjars/jquery/2.1.3/jquery.js&quot;&gt;&lt;/script&gt;


&lt;body&gt;

&lt;div id=&quot;container&quot;&gt;
    &lt;h1&gt;Blackjack!&lt;/h1&gt;

    &lt;div id=&quot;largeTable&quot;&gt;
        &lt;table class=&quot;mainTable&quot;&gt;
            &lt;tr class=&quot;title&quot;&gt;
                &lt;td&gt;User Hand&lt;/td&gt;
                &lt;td&gt;Split&lt;/td&gt;
                &lt;td&gt;&lt;/td&gt;
                &lt;td&gt;Dealer Hand&lt;/td&gt;
            &lt;/tr&gt;

            &lt;tr&gt;
                &lt;td class=&quot;columnOfCards&quot; id=&quot;userHand&quot;&gt;
                    &lt;table&gt;
                        &lt;tr&gt;&lt;td class=&quot;cardLocation l0&quot;&gt;&lt;/td&gt;&lt;/tr&gt;
                        &lt;tr&gt;&lt;td class=&quot;cardLocation l1&quot;&gt;&lt;/td&gt;&lt;/tr&gt;
                        &lt;tr&gt;&lt;td class=&quot;cardLocation l2&quot;&gt;&lt;/td&gt;&lt;/tr&gt;
                        &lt;tr&gt;&lt;td class=&quot;cardLocation l3&quot;&gt;&lt;/td&gt;&lt;/tr&gt;
                        &lt;tr&gt;&lt;td class=&quot;cardLocation l4&quot;&gt;&lt;/td&gt;&lt;/tr&gt;
                        &lt;tr&gt;&lt;td class=&quot;cardLocation l5&quot;&gt;&lt;/td&gt;&lt;/tr&gt;
                        &lt;tr&gt;&lt;td class=&quot;cardLocation l6&quot;&gt;&lt;/td&gt;&lt;/tr&gt;
                        &lt;tr&gt;&lt;td class=&quot;cardLocation l7&quot;&gt;&lt;/td&gt;&lt;/tr&gt;
                        &lt;tr&gt;&lt;td class=&quot;cardLocation l8&quot;&gt;&lt;/td&gt;&lt;/tr&gt;
                        &lt;tr&gt;&lt;td class=&quot;cardLocation l9&quot;&gt;&lt;/td&gt;&lt;/tr&gt;
                        &lt;tr&gt;&lt;td class=&quot;cardLocation l10&quot;&gt;&lt;/td&gt;&lt;/tr&gt;
                    &lt;/table&gt;
                &lt;/td&gt;
                &lt;td class=&quot;columnOfCards&quot; id=&quot;userSplit&quot;&gt;
                    &lt;table&gt;
                        &lt;tr&gt;&lt;td class=&quot;cardLocation l0&quot;&gt;&lt;/td&gt;&lt;/tr&gt;
                        &lt;tr&gt;&lt;td class=&quot;cardLocation l1&quot;&gt;&lt;/td&gt;&lt;/tr&gt;
                        &lt;tr&gt;&lt;td class=&quot;cardLocation l2&quot;&gt;&lt;/td&gt;&lt;/tr&gt;
                        &lt;tr&gt;&lt;td class=&quot;cardLocation l3&quot;&gt;&lt;/td&gt;&lt;/tr&gt;
                        &lt;tr&gt;&lt;td class=&quot;cardLocation l4&quot;&gt;&lt;/td&gt;&lt;/tr&gt;
                        &lt;tr&gt;&lt;td class=&quot;cardLocation l5&quot;&gt;&lt;/td&gt;&lt;/tr&gt;
                        &lt;tr&gt;&lt;td class=&quot;cardLocation l6&quot;&gt;&lt;/td&gt;&lt;/tr&gt;
                        &lt;tr&gt;&lt;td class=&quot;cardLocation l7&quot;&gt;&lt;/td&gt;&lt;/tr&gt;
                        &lt;tr&gt;&lt;td class=&quot;cardLocation l8&quot;&gt;&lt;/td&gt;&lt;/tr&gt;
                        &lt;tr&gt;&lt;td class=&quot;cardLocation l9&quot;&gt;&lt;/td&gt;&lt;/tr&gt;
                        &lt;tr&gt;&lt;td class=&quot;cardLocation l10&quot;&gt;&lt;/td&gt;&lt;/tr&gt;
                    &lt;/table&gt;
                &lt;/td&gt;
                &lt;td class=&quot;columnOfCards&quot;&gt;&lt;/td&gt;
                &lt;td class=&quot;columnOfCards&quot; id=&quot;dealerHand&quot;&gt;
                    &lt;table&gt;
                        &lt;tr&gt;&lt;td class=&quot;cardLocation l0&quot;&gt;&lt;/td&gt;&lt;/tr&gt;
                        &lt;tr&gt;&lt;td class=&quot;cardLocation l1&quot;&gt;&lt;/td&gt;&lt;/tr&gt;
                        &lt;tr&gt;&lt;td class=&quot;cardLocation l2&quot;&gt;&lt;/td&gt;&lt;/tr&gt;
                        &lt;tr&gt;&lt;td class=&quot;cardLocation l3&quot;&gt;&lt;/td&gt;&lt;/tr&gt;
                        &lt;tr&gt;&lt;td class=&quot;cardLocation l4&quot;&gt;&lt;/td&gt;&lt;/tr&gt;
                        &lt;tr&gt;&lt;td class=&quot;cardLocation l5&quot;&gt;&lt;/td&gt;&lt;/tr&gt;
                        &lt;tr&gt;&lt;td class=&quot;cardLocation l6&quot;&gt;&lt;/td&gt;&lt;/tr&gt;
                        &lt;tr&gt;&lt;td class=&quot;cardLocation l7&quot;&gt;&lt;/td&gt;&lt;/tr&gt;
                        &lt;tr&gt;&lt;td class=&quot;cardLocation l8&quot;&gt;&lt;/td&gt;&lt;/tr&gt;
                        &lt;tr&gt;&lt;td class=&quot;cardLocation l9&quot;&gt;&lt;/td&gt;&lt;/tr&gt;
                        &lt;tr&gt;&lt;td class=&quot;cardLocation l10&quot;&gt;&lt;/td&gt;&lt;/tr&gt;
                    &lt;/table&gt;
                &lt;/td&gt;
            &lt;/tr&gt;
            &lt;tr class=&quot;menuDes&quot;&gt;
                &lt;td&gt;Cash:&lt;textarea id=&quot;userWallet&quot; disabled=&quot;true&quot; width&gt;&lt;/textarea&gt;&lt;/td&gt;
                &lt;td&gt;&lt;button id=&quot;hit&quot; onclick=&quot;HitFunction&quot; class=&quot;menuButton&quot;&gt;HIT&lt;/button&gt;&lt;/td&gt;
                &lt;td&gt;&lt;button id=&quot;ddown&quot; onclick=&quot;DoubleDownFunction&quot; class=&quot;menuButton&quot;&gt;DOUBLE DOWN&lt;/button&gt;&lt;/td&gt;
                &lt;td&gt;&lt;button id=&quot;split&quot; onclick=&quot;SplitFunction&quot; class=&quot;menuButton&quot;&gt;SPLIT&lt;/button&gt;&lt;/td&gt;
                &lt;td&gt;&lt;button id=&quot;stay&quot; onclick=&quot;StayFunction&quot; class=&quot;menuButton&quot;&gt;STAY&lt;/button&gt;&lt;/td&gt;
                &lt;td&gt;&lt;button id=&quot;betting&quot; onclick = &quot;userBet&quot;&gt;BET&lt;/button&gt;&lt;BR&gt;&lt;input type=&quot;text&quot; id=&quot;bet&quot;&gt;&lt;/td&gt;
            &lt;/tr&gt;
            &lt;tr&gt;&lt;td&gt;Blackjack Simulator 1.0&lt;/td&gt;&lt;/tr&gt;
        &lt;/table&gt;
    &lt;/div&gt;
    &lt;script&gt;
/* When the user clicks on the button,
toggle between hiding and showing the dropdown content */
function myFunction() {
    document.getElementById(&quot;myDropdown&quot;).classList.toggle(&quot;show&quot;);
}



// Close the dropdown menu if the user clicks outside of it
window.onclick = function(event) {
  if (!event.target.matches(&apos;.dropbtn&apos;)) {

    var dropdowns = document.getElementsByClassName(&quot;dropdown-content&quot;);
    var i;
    for (i = 0; i &lt; dropdowns.length; i++) {
      var openDropdown = dropdowns[i];
      if (openDropdown.classList.contains(&apos;show&apos;)) {
        openDropdown.classList.remove(&apos;show&apos;);
      }
    }
  }
}



var game;

function display(game) {
console.log(game);

$( &apos;.columnOfCards .cardLocation&apos; ).html(&quot;&quot;);

    $.each(game.cols[0], function( key, val ) {
        $( &apos;#c0 .l&apos;+key ).html(val.value + val.suit);
    });

 $.each(game.cols[1], function( key, val ) {
        $( &apos;#c1 .l&apos;+key ).html(val.value + val.suit);
    });

 $.each(game.cols[2], function( key, val ) {
        $( &apos;#c2 .l&apos;+key ).html(val.value + val.suit);
    });

 $.each(game.cols[3], function( key, val ) {
        $( &apos;#c3 .l&apos;+key ).html(val.value + val.suit);
    });
 document.getElementById(&quot;cash&quot;).innerHTML = game.totalCash;
 document.getElementById(&quot;errorCode&quot;).innerHTML = game.errorCode;
 document.getElementById(&quot;errorCode&quot;).style.color = &quot;red&quot;;

}

$.getJSON(&quot;http://localhost:8080/game&quot;, function( data ) {
display(data);
game = data;
});




function changeMode(modeNum){
$.ajax({
type: &quot;POST&quot;,
url: &quot;/chMode/&quot;+modeNum,
data: JSON.stringify(game),
success: function(data, status){console.log(&quot;Data: &quot; + data + &quot;\nStatus: &quot; + status);
game = data;
display(data);},
contentType:&quot;application/json; charset=utf-8&quot;,
dataType:&quot;json&quot;,
});

}

$(&quot;#dealButton&quot;).click(function(){
$.ajax({
  type: &quot;POST&quot;,
  url: &quot;/dealGame&quot;,
  data: JSON.stringify(game),
  success: function(data, status){console.log(&quot;Data: &quot; + data + &quot;\nStatus: &quot; + status);
        game = data;
        display(data);},
  contentType:&quot;application/json; charset=utf-8&quot;,
  dataType:&quot;json&quot;,
});
});


$(&quot;#userBet&quot;).click(function(){
var bet = $(&quot;bet&quot;).val();
$.ajax({
type: &quot;POST&quot;,
url: &quot;/userBet/&quot;+bet,
data: JSON.stringify(game),
success: function(data, status){console.log(&quot;Data: &quot; + data + &quot;\nStatus: &quot; + status);
game = data;
display(data);},
contentType:&quot;application/json; charset=utf-8&quot;,
dataType:&quot;json&quot;,
});
}


&lt;/script&gt;


&lt;/div&gt;
&lt;/body&gt;
&lt;/html&gt;&quot;
	at org.hamcrest.MatcherAssert.assertThat(MatcherAssert.java:20)
	at org.junit.Assert.assertThat(Assert.java:865)
	at org.junit.Assert.assertThat(Assert.java:832)
	at controllers.ApiControllerDocTesterTest.testAcesUp(ApiControllerDocTesterTest.java:51)
	at sun.reflect.NativeMethodAccessorImpl.invoke0(Native Method)
	at sun.reflect.NativeMethodAccessorImpl.invoke(NativeMethodAccessorImpl.java:62)
	at sun.reflect.DelegatingMethodAccessorImpl.invoke(DelegatingMethodAccessorImpl.java:43)
	at java.lang.reflect.Method.invoke(Method.java:497)
	at org.junit.runners.model.FrameworkMethod$1.runReflectiveCall(FrameworkMethod.java:47)
	at org.junit.internal.runners.model.ReflectiveCallable.run(ReflectiveCallable.java:12)
	at org.junit.runners.model.FrameworkMethod.invokeExplosively(FrameworkMethod.java:44)
	at org.junit.internal.runners.statements.InvokeMethod.evaluate(InvokeMethod.java:17)
	at org.junit.internal.runners.statements.RunBefores.evaluate(RunBefores.java:26)
	at org.junit.internal.runners.statements.RunAfters.evaluate(RunAfters.java:27)
	at org.junit.rules.TestWatcher$1.evaluate(TestWatcher.java:55)
	at org.junit.rules.RunRules.evaluate(RunRules.java:20)
	at org.junit.runners.ParentRunner.runLeaf(ParentRunner.java:271)
	at org.junit.runners.BlockJUnit4ClassRunner.runChild(BlockJUnit4ClassRunner.java:70)
	at org.junit.runners.BlockJUnit4ClassRunner.runChild(BlockJUnit4ClassRunner.java:50)
	at org.junit.runners.ParentRunner$3.run(ParentRunner.java:238)
	at org.junit.runners.ParentRunner$1.schedule(ParentRunner.java:63)
	at org.junit.runners.ParentRunner.runChildren(ParentRunner.java:236)
	at org.junit.runners.ParentRunner.access$000(ParentRunner.java:53)
	at org.junit.runners.ParentRunner$2.evaluate(ParentRunner.java:229)
	at org.junit.internal.runners.statements.RunAfters.evaluate(RunAfters.java:27)
	at org.junit.runners.ParentRunner.run(ParentRunner.java:309)
	at org.apache.maven.surefire.junit4.JUnit4TestSet.execute(JUnit4TestSet.java:53)
	at org.apache.maven.surefire.junit4.JUnit4Provider.executeTestSet(JUnit4Provider.java:123)
	at org.apache.maven.surefire.junit4.JUnit4Provider.invoke(JUnit4Provider.java:104)
	at sun.reflect.NativeMethodAccessorImpl.invoke0(Native Method)
	at sun.reflect.NativeMethodAccessorImpl.invoke(NativeMethodAccessorImpl.java:62)
	at sun.reflect.DelegatingMethodAccessorImpl.invoke(DelegatingMethodAccessorImpl.java:43)
	at java.lang.reflect.Method.invoke(Method.java:497)
	at org.apache.maven.surefire.util.ReflectionUtils.invokeMethodWithArray(ReflectionUtils.java:164)
	at org.apache.maven.surefire.booter.ProviderFactory$ProviderProxy.invoke(ProviderFactory.java:110)
	at org.apache.maven.surefire.booter.SurefireStarter.invokeProvider(SurefireStarter.java:175)
	at org.apache.maven.surefire.booter.SurefireStarter.runSuitesInProcessWhenForked(SurefireStarter.java:107)
	at org.apache.maven.surefire.booter.ForkedBooter.main(ForkedBooter.java:68)
</failure>
    <system-out>13:28:56.433 [main] INFO  ninja.utils.NinjaModeHelper - Ninja is running in mode prod
13:28:56.437 [main] WARN  o.e.j.server.handler.ContextHandler - Empty contextPath
13:28:56.438 [main] INFO  ninja.standalone.NinjaJetty - Trying to start jetty v9.2.10.v20150310 on &lt;all&gt;:1000
13:28:56.438 [main] INFO  org.eclipse.jetty.server.Server - jetty-9.2.10.v20150310
13:28:56.442 [main] INFO  ninja.Bootstrap - Successfully configured Logback.
13:28:56.549 [main] INFO  ninja.utils.SwissKnife - Could not load file conf/messages_en.properties (not a bad thing necessarily, but I am returing null)
13:28:56.549 [main] INFO  ninja.i18n.MessagesImpl - Did not find conf/messages_en.properties but it was specified in application.conf. Using default language instead.
13:28:56.553 [main] INFO  n.template.TemplateEngineManagerImpl - -------------------------------------------------------------------
13:28:56.553 [main] INFO  n.template.TemplateEngineManagerImpl - Registered response template engines
13:28:56.553 [main] INFO  n.template.TemplateEngineManagerImpl - -------------------------------------------------------------------
13:28:56.553 [main] INFO  n.template.TemplateEngineManagerImpl - application/javascript  =&gt;  ninja.template.TemplateEngineJsonP
13:28:56.553 [main] INFO  n.template.TemplateEngineManagerImpl - application/json        =&gt;  ninja.template.TemplateEngineJson
13:28:56.554 [main] INFO  n.template.TemplateEngineManagerImpl - application/xml         =&gt;  ninja.template.TemplateEngineXml
13:28:56.554 [main] INFO  n.template.TemplateEngineManagerImpl - text/html               =&gt;  ninja.template.TemplateEngineFreemarker
13:28:56.554 [main] INFO  n.template.TemplateEngineManagerImpl - text/plain              =&gt;  ninja.template.TemplateEngineText
13:28:56.556 [main] INFO  n.b.BodyParserEngineManagerImpl - ----------------------------------------------------------------------------
13:28:56.556 [main] INFO  n.b.BodyParserEngineManagerImpl - Registered request bodyparser engines
13:28:56.556 [main] INFO  n.b.BodyParserEngineManagerImpl - ----------------------------------------------------------------------------
13:28:56.556 [main] INFO  n.b.BodyParserEngineManagerImpl - application/json                   =&gt;  ninja.bodyparser.BodyParserEngineJson
13:28:56.556 [main] INFO  n.b.BodyParserEngineManagerImpl - application/x-www-form-urlencoded  =&gt;  ninja.bodyparser.BodyParserEnginePost
13:28:56.557 [main] INFO  n.b.BodyParserEngineManagerImpl - application/xml                    =&gt;  ninja.bodyparser.BodyParserEngineXml
13:28:56.557 [main] INFO  Ninja - Using default eh cache implementation. (class ninja.cache.CacheEhCacheImpl) 
13:28:56.571 [main] INFO  ninja.Bootstrap - Ninja injector started in 128 ms.
13:28:56.578 [main] INFO  ninja.RouterImpl - ------------------------------------------------------------------------------------------
13:28:56.578 [main] INFO  ninja.RouterImpl - Registered routes
13:28:56.578 [main] INFO  ninja.RouterImpl - ------------------------------------------------------------------------------------------
13:28:56.578 [main] INFO  ninja.RouterImpl - GET  /                                  =&gt;  controllers.ApplicationController.index()
13:28:56.578 [main] INFO  ninja.RouterImpl - GET  /AcesUp                            =&gt;  controllers.ApplicationController.acesUp()
13:28:56.578 [main] INFO  ninja.RouterImpl - GET  /game                              =&gt;  controllers.ApplicationController.gameGet()
13:28:56.579 [main] INFO  ninja.RouterImpl - POST /dealGame                          =&gt;  controllers.ApplicationController.dealPost()
13:28:56.579 [main] INFO  ninja.RouterImpl - POST /moveCard/{columnFrom}/{columnTo}  =&gt;  controllers.ApplicationController.moveCard()
13:28:56.579 [main] INFO  ninja.RouterImpl - POST /removeCard/{column}               =&gt;  controllers.ApplicationController.removeCard()
13:28:56.579 [main] INFO  ninja.RouterImpl - POST /chMode/{modeNum}                  =&gt;  controllers.ApplicationController.newGame()
13:28:56.579 [main] INFO  ninja.RouterImpl - POST /betting/{bet}                     =&gt;  controllers.ApplicationController.userBet()
13:28:56.579 [main] INFO  ninja.RouterImpl - GET  /assets/webjars/{fileName: .*}     =&gt;  ninja.AssetsController.serveWebJars()
13:28:56.579 [main] INFO  ninja.RouterImpl - GET  /assets/{fileName: .*}             =&gt;  ninja.AssetsController.serveStatic()
13:28:56.586 [main] INFO  ninja.NinjaDefault - 
 _______  .___ _______        ____.  _____   
 \      \ |   |\      \      |    | /  _  \  
 /   |   \|   |/   |   \     |    |/  /_\  \ 
/    |    \   /    |    \/\__|    /    |    \  http://www.ninjaframework.org
\____|__  /___\____|__  /\________\____|__  /  @ninjaframework
     web\/framework   \/                  \/   5.2.2

13:28:56.587 [main] INFO  ninja.lifecycle.LifecycleServiceImpl - Starting Ninja application...
13:28:56.588 [main] INFO  ninja.lifecycle.LifecycleServiceImpl - Ninja application started in 1ms
13:28:56.589 [main] INFO  o.e.j.server.handler.ContextHandler - Started o.e.j.s.ServletContextHandler@107c1cb{/,null,AVAILABLE}
13:28:56.599 [main] INFO  o.e.jetty.server.ServerConnector - Started ServerConnector@15cb9b2{HTTP/1.1}{0.0.0.0:1000}
13:28:56.601 [main] INFO  org.eclipse.jetty.server.Server - Started @7157ms
13:28:56.601 [main] INFO  ninja.standalone.NinjaJetty - Started jetty v9.2.10.v20150310 on &lt;all&gt;:1000
13:28:56.601 [main] INFO  ninja.standalone.NinjaJetty - -------------------------------------------------------
13:28:56.602 [main] INFO  ninja.standalone.NinjaJetty - Ninja application running at
13:28:56.602 [main] INFO  ninja.standalone.NinjaJetty -  =&gt; http://localhost:1000
13:28:56.602 [main] INFO  ninja.standalone.NinjaJetty - -------------------------------------------------------
13:28:56.646 [main] INFO  ninja.lifecycle.LifecycleServiceImpl - Stopping Ninja application...
13:28:56.647 [main] INFO  ninja.lifecycle.LifecycleServiceImpl - Ninja application stopped in 1ms
13:28:56.648 [main] INFO  o.e.j.server.handler.ContextHandler - Stopped o.e.j.s.ServletContextHandler@107c1cb{/,null,UNAVAILABLE}
13:28:56.648 [main] INFO  ninja.standalone.NinjaJetty - Trying to stop jetty on &lt;all&gt;:1000
13:28:56.657 [main] INFO  o.e.jetty.server.ServerConnector - Stopped ServerConnector@15cb9b2{HTTP/1.1}{0.0.0.0:1000}
13:28:56.659 [main] INFO  ninja.standalone.NinjaJetty - Stopped jetty on &lt;all&gt;:1000
</system-out>
  </testcase>
</testsuite>